# JRE version: Java(TM) SE Runtime Environment (8.0_191-b12) (build 1.8.0_191-b12)
# Java VM: Java HotSpot(TM) Client VM (25.191-b12 mixed mode windows-x86 )
Heap:
 def new generation   total 54016K, used 2523K [0x05a00000, 0x09490000, 0x104a0000)
  eden space 48064K,   5% used [0x05a00000, 0x05c76fd0, 0x088f0000)
  from space 5952K,   0% used [0x088f0000, 0x088f0000, 0x08ec0000)
  to   space 5952K,   0% used [0x08ec0000, 0x08ec0000, 0x09490000)
 tenured generation   total 119784K, used 71870K [0x104a0000, 0x1799a000, 0x25a00000)
   the space 119784K,  59% used [0x104a0000, 0x14acf850, 0x14acfa00, 0x1799a000)
 Metaspace       used 20079K, capacity 20530K, committed 20608K, reserved 20864K
GC Heap History (10 events):
Event: 2.586 GC heap before
{Heap before GC invocations=2 (full 0):
 def new generation   total 39296K, used 39296K [0x05a00000, 0x084a0000, 0x104a0000)
  eden space 34944K, 100% used [0x05a00000, 0x07c20000, 0x07c20000)
  from space 4352K, 100% used [0x07c20000, 0x08060000, 0x08060000)
  to   space 4352K,   0% used [0x08060000, 0x08060000, 0x084a0000)
 tenured generation   total 87424K, used 9129K [0x104a0000, 0x15a00000, 0x25a00000)
   the space 87424K,  10% used [0x104a0000, 0x10d8a410, 0x10d8a600, 0x15a00000)
 Metaspace       used 11162K, capacity 11394K, committed 11520K, reserved 11648K
Event: 2.685 GC heap after
Heap after GC invocations=3 (full 0):
 def new generation   total 39296K, used 4352K [0x05a00000, 0x084a0000, 0x104a0000)
  eden space 34944K,   0% used [0x05a00000, 0x05a00000, 0x07c20000)
  from space 4352K, 100% used [0x08060000, 0x084a0000, 0x084a0000)
  to   space 4352K,   0% used [0x07c20000, 0x07c20000, 0x08060000)
 tenured generation   total 87424K, used 42660K [0x104a0000, 0x15a00000, 0x25a00000)
   the space 87424K,  48% used [0x104a0000, 0x12e49298, 0x12e49400, 0x15a00000)
 Metaspace       used 11162K, capacity 11394K, committed 11520K, reserved 11648K
}
Event: 4.345 GC heap before
{Heap before GC invocations=3 (full 0):
 def new generation   total 39296K, used 32559K [0x05a00000, 0x084a0000, 0x104a0000)
  eden space 34944K,  80% used [0x05a00000, 0x0758bdf0, 0x07c20000)
  from space 4352K, 100% used [0x08060000, 0x084a0000, 0x084a0000)
  to   space 4352K,   0% used [0x07c20000, 0x07c20000, 0x08060000)
 tenured generation   total 87424K, used 42660K [0x104a0000, 0x15a00000, 0x25a00000)
   the space 87424K,  48% used [0x104a0000, 0x12e49298, 0x12e49400, 0x15a00000)
 Metaspace       used 12016K, capacity 12278K, committed 12288K, reserved 12672K
Event: 4.474 GC heap after
Heap after GC invocations=4 (full 1):
 def new generation   total 42880K, used 0K [0x05a00000, 0x08880000, 0x104a0000)
  eden space 38144K,   0% used [0x05a00000, 0x05a00000, 0x07f40000)
  from space 4736K,   0% used [0x07f40000, 0x07f40000, 0x083e0000)
  to   space 4736K,   0% used [0x083e0000, 0x083e0000, 0x08880000)
 tenured generation   total 95128K, used 57075K [0x104a0000, 0x16186000, 0x25a00000)
   the space 95128K,  59% used [0x104a0000, 0x13c5cdd8, 0x13c5ce00, 0x16186000)
 Metaspace       used 12016K, capacity 12278K, committed 12288K, reserved 12672K
}
Event: 7.175 GC heap before
{Heap before GC invocations=4 (full 1):
 def new generation   total 42880K, used 38144K [0x05a00000, 0x08880000, 0x104a0000)
  eden space 38144K, 100% used [0x05a00000, 0x07f40000, 0x07f40000)
  from space 4736K,   0% used [0x07f40000, 0x07f40000, 0x083e0000)
  to   space 4736K,   0% used [0x083e0000, 0x083e0000, 0x08880000)
 tenured generation   total 95128K, used 57075K [0x104a0000, 0x16186000, 0x25a00000)
   the space 95128K,  59% used [0x104a0000, 0x13c5cdd8, 0x13c5ce00, 0x16186000)
 Metaspace       used 17203K, capacity 17619K, committed 17792K, reserved 17792K
Event: 7.200 GC heap after
Heap after GC invocations=5 (full 1):
 def new generation   total 42880K, used 4736K [0x05a00000, 0x08880000, 0x104a0000)
  eden space 38144K,   0% used [0x05a00000, 0x05a00000, 0x07f40000)
  from space 4736K, 100% used [0x083e0000, 0x08880000, 0x08880000)
  to   space 4736K,   0% used [0x07f40000, 0x07f40000, 0x083e0000)
 tenured generation   total 95128K, used 58784K [0x104a0000, 0x16186000, 0x25a00000)
   the space 95128K,  61% used [0x104a0000, 0x13e083d0, 0x13e08400, 0x16186000)
 Metaspace       used 17203K, capacity 17619K, committed 17792K, reserved 17792K
}
Event: 12.485 GC heap before
{Heap before GC invocations=5 (full 1):
 def new generation   total 42880K, used 42880K [0x05a00000, 0x08880000, 0x104a0000)
  eden space 38144K, 100% used [0x05a00000, 0x07f40000, 0x07f40000)
  from space 4736K, 100% used [0x083e0000, 0x08880000, 0x08880000)
  to   space 4736K,   0% used [0x07f40000, 0x07f40000, 0x083e0000)
 tenured generation   total 95128K, used 58784K [0x104a0000, 0x16186000, 0x25a00000)
   the space 95128K,  61% used [0x104a0000, 0x13e083d0, 0x13e08400, 0x16186000)
 Metaspace       used 19594K, capacity 20077K, committed 20224K, reserved 20864K
Event: 12.517 GC heap after
Heap after GC invocations=6 (full 1):
 def new generation   total 42880K, used 4736K [0x05a00000, 0x08880000, 0x104a0000)
  eden space 38144K,   0% used [0x05a00000, 0x05a00000, 0x07f40000)
  from space 4736K, 100% used [0x07f40000, 0x083e0000, 0x083e0000)
  to   space 4736K,   0% used [0x083e0000, 0x083e0000, 0x08880000)
 tenured generation   total 95128K, used 70526K [0x104a0000, 0x16186000, 0x25a00000)
   the space 95128K,  74% used [0x104a0000, 0x1497f828, 0x1497fa00, 0x16186000)
 Metaspace       used 19594K, capacity 20077K, committed 20224K, reserved 20864K
}
Event: 12.824 GC heap before
{Heap before GC invocations=6 (full 1):
 def new generation   total 42880K, used 9630K [0x05a00000, 0x08880000, 0x104a0000)
  eden space 38144K,  12% used [0x05a00000, 0x05ec7960, 0x07f40000)
  from space 4736K, 100% used [0x07f40000, 0x083e0000, 0x083e0000)
  to   space 4736K,   0% used [0x083e0000, 0x083e0000, 0x08880000)
 tenured generation   total 95128K, used 70526K [0x104a0000, 0x16186000, 0x25a00000)
   the space 95128K,  74% used [0x104a0000, 0x1497f828, 0x1497fa00, 0x16186000)
 Metaspace       used 20005K, capacity 20431K, committed 20480K, reserved 20864K
Event: 12.973 GC heap after
Heap after GC invocations=7 (full 2):
 def new generation   total 54016K, used 0K [0x05a00000, 0x09490000, 0x104a0000)
  eden space 48064K,   0% used [0x05a00000, 0x05a00000, 0x088f0000)
  from space 5952K,   0% used [0x088f0000, 0x088f0000, 0x08ec0000)
  to   space 5952K,   0% used [0x08ec0000, 0x08ec0000, 0x09490000)
 tenured generation   total 119784K, used 71870K [0x104a0000, 0x1799a000, 0x25a00000)
   the space 119784K,  59% used [0x104a0000, 0x14acf850, 0x14acfa00, 0x1799a000)
 Metaspace       used 20005K, capacity 20431K, committed 20480K, reserved 20864K
}

