# JRE version: Java(TM) SE Runtime Environment (8.0_191-b12) (build 1.8.0_191-b12)
# Java VM: Java HotSpot(TM) Client VM (25.191-b12 mixed mode windows-x86 )
Heap:
 def new generation   total 78336K, used 32736K [0x05a00000, 0x0aef0000, 0x104a0000)
  eden space 69696K,  45% used [0x05a00000, 0x078b9050, 0x09e10000)
  from space 8640K,  14% used [0x09e10000, 0x09f4f020, 0x0a680000)
  to   space 8640K,   0% used [0x0a680000, 0x0a680000, 0x0aef0000)
 tenured generation   total 173748K, used 168764K [0x104a0000, 0x1ae4d000, 0x25a00000)
   the space 173748K,  97% used [0x104a0000, 0x1a96f328, 0x1a96f400, 0x1ae4d000)
 Metaspace       used 22064K, capacity 22594K, committed 22656K, reserved 22912K
GC Heap History (10 events):
Event: 1586.714 GC heap before
{Heap before GC invocations=79 (full 3):
 def new generation   total 78336K, used 70817K [0x05a00000, 0x0aef0000, 0x104a0000)
  eden space 69696K, 100% used [0x05a00000, 0x09e10000, 0x09e10000)
  from space 8640K,  12% used [0x0a680000, 0x0a798610, 0x0aef0000)
  to   space 8640K,   0% used [0x09e10000, 0x09e10000, 0x0a680000)
 tenured generation   total 173748K, used 168764K [0x104a0000, 0x1ae4d000, 0x25a00000)
   the space 173748K,  97% used [0x104a0000, 0x1a96f328, 0x1a96f400, 0x1ae4d000)
 Metaspace       used 22051K, capacity 22594K, committed 22656K, reserved 22912K
Event: 1586.715 GC heap after
Heap after GC invocations=80 (full 3):
 def new generation   total 78336K, used 1130K [0x05a00000, 0x0aef0000, 0x104a0000)
  eden space 69696K,   0% used [0x05a00000, 0x05a00000, 0x09e10000)
  from space 8640K,  13% used [0x09e10000, 0x09f2a9d8, 0x0a680000)
  to   space 8640K,   0% used [0x0a680000, 0x0a680000, 0x0aef0000)
 tenured generation   total 173748K, used 168764K [0x104a0000, 0x1ae4d000, 0x25a00000)
   the space 173748K,  97% used [0x104a0000, 0x1a96f328, 0x1a96f400, 0x1ae4d000)
 Metaspace       used 22051K, capacity 22594K, committed 22656K, reserved 22912K
}
Event: 1601.409 GC heap before
{Heap before GC invocations=80 (full 3):
 def new generation   total 78336K, used 70826K [0x05a00000, 0x0aef0000, 0x104a0000)
  eden space 69696K, 100% used [0x05a00000, 0x09e10000, 0x09e10000)
  from space 8640K,  13% used [0x09e10000, 0x09f2a9d8, 0x0a680000)
  to   space 8640K,   0% used [0x0a680000, 0x0a680000, 0x0aef0000)
 tenured generation   total 173748K, used 168764K [0x104a0000, 0x1ae4d000, 0x25a00000)
   the space 173748K,  97% used [0x104a0000, 0x1a96f328, 0x1a96f400, 0x1ae4d000)
 Metaspace       used 22051K, capacity 22594K, committed 22656K, reserved 22912K
Event: 1601.410 GC heap after
Heap after GC invocations=81 (full 3):
 def new generation   total 78336K, used 12K [0x05a00000, 0x0aef0000, 0x104a0000)
  eden space 69696K,   0% used [0x05a00000, 0x05a00000, 0x09e10000)
  from space 8640K,   0% used [0x0a680000, 0x0a683160, 0x0aef0000)
  to   space 8640K,   0% used [0x09e10000, 0x09e10000, 0x0a680000)
 tenured generation   total 173748K, used 168764K [0x104a0000, 0x1ae4d000, 0x25a00000)
   the space 173748K,  97% used [0x104a0000, 0x1a96f328, 0x1a96f400, 0x1ae4d000)
 Metaspace       used 22051K, capacity 22594K, committed 22656K, reserved 22912K
}
Event: 1614.203 GC heap before
{Heap before GC invocations=81 (full 3):
 def new generation   total 78336K, used 69708K [0x05a00000, 0x0aef0000, 0x104a0000)
  eden space 69696K, 100% used [0x05a00000, 0x09e10000, 0x09e10000)
  from space 8640K,   0% used [0x0a680000, 0x0a683160, 0x0aef0000)
  to   space 8640K,   0% used [0x09e10000, 0x09e10000, 0x0a680000)
 tenured generation   total 173748K, used 168764K [0x104a0000, 0x1ae4d000, 0x25a00000)
   the space 173748K,  97% used [0x104a0000, 0x1a96f328, 0x1a96f400, 0x1ae4d000)
 Metaspace       used 22064K, capacity 22594K, committed 22656K, reserved 22912K
Event: 1614.205 GC heap after
Heap after GC invocations=82 (full 3):
 def new generation   total 78336K, used 360K [0x05a00000, 0x0aef0000, 0x104a0000)
  eden space 69696K,   0% used [0x05a00000, 0x05a00000, 0x09e10000)
  from space 8640K,   4% used [0x09e10000, 0x09e6a320, 0x0a680000)
  to   space 8640K,   0% used [0x0a680000, 0x0a680000, 0x0aef0000)
 tenured generation   total 173748K, used 168764K [0x104a0000, 0x1ae4d000, 0x25a00000)
   the space 173748K,  97% used [0x104a0000, 0x1a96f328, 0x1a96f400, 0x1ae4d000)
 Metaspace       used 22064K, capacity 22594K, committed 22656K, reserved 22912K
}
Event: 1627.803 GC heap before
{Heap before GC invocations=82 (full 3):
 def new generation   total 78336K, used 70056K [0x05a00000, 0x0aef0000, 0x104a0000)
  eden space 69696K, 100% used [0x05a00000, 0x09e10000, 0x09e10000)
  from space 8640K,   4% used [0x09e10000, 0x09e6a320, 0x0a680000)
  to   space 8640K,   0% used [0x0a680000, 0x0a680000, 0x0aef0000)
 tenured generation   total 173748K, used 168764K [0x104a0000, 0x1ae4d000, 0x25a00000)
   the space 173748K,  97% used [0x104a0000, 0x1a96f328, 0x1a96f400, 0x1ae4d000)
 Metaspace       used 22064K, capacity 22594K, committed 22656K, reserved 22912K
Event: 1627.805 GC heap after
Heap after GC invocations=83 (full 3):
 def new generation   total 78336K, used 1001K [0x05a00000, 0x0aef0000, 0x104a0000)
  eden space 69696K,   0% used [0x05a00000, 0x05a00000, 0x09e10000)
  from space 8640K,  11% used [0x0a680000, 0x0a77a648, 0x0aef0000)
  to   space 8640K,   0% used [0x09e10000, 0x09e10000, 0x0a680000)
 tenured generation   total 173748K, used 168764K [0x104a0000, 0x1ae4d000, 0x25a00000)
   the space 173748K,  97% used [0x104a0000, 0x1a96f328, 0x1a96f400, 0x1ae4d000)
 Metaspace       used 22064K, capacity 22594K, committed 22656K, reserved 22912K
}
Event: 1641.032 GC heap before
{Heap before GC invocations=83 (full 3):
 def new generation   total 78336K, used 70697K [0x05a00000, 0x0aef0000, 0x104a0000)
  eden space 69696K, 100% used [0x05a00000, 0x09e10000, 0x09e10000)
  from space 8640K,  11% used [0x0a680000, 0x0a77a648, 0x0aef0000)
  to   space 8640K,   0% used [0x09e10000, 0x09e10000, 0x0a680000)
 tenured generation   total 173748K, used 168764K [0x104a0000, 0x1ae4d000, 0x25a00000)
   the space 173748K,  97% used [0x104a0000, 0x1a96f328, 0x1a96f400, 0x1ae4d000)
 Metaspace       used 22064K, capacity 22594K, committed 22656K, reserved 22912K
Event: 1641.036 GC heap after
Heap after GC invocations=84 (full 3):
 def new generation   total 78336K, used 1276K [0x05a00000, 0x0aef0000, 0x104a0000)
  eden space 69696K,   0% used [0x05a00000, 0x05a00000, 0x09e10000)
  from space 8640K,  14% used [0x09e10000, 0x09f4f020, 0x0a680000)
  to   space 8640K,   0% used [0x0a680000, 0x0a680000, 0x0aef0000)
 tenured generation   total 173748K, used 168764K [0x104a0000, 0x1ae4d000, 0x25a00000)
   the space 173748K,  97% used [0x104a0000, 0x1a96f328, 0x1a96f400, 0x1ae4d000)
 Metaspace       used 22064K, capacity 22594K, committed 22656K, reserved 22912K
}

