# JRE version: Java(TM) SE Runtime Environment (8.0_191-b12) (build 1.8.0_191-b12)
# Java VM: Java HotSpot(TM) Client VM (25.191-b12 mixed mode windows-x86 )
Heap:
 def new generation   total 52416K, used 25690K [0x05600000, 0x08ee0000, 0x100a0000)
  eden space 46592K,  55% used [0x05600000, 0x06f16b28, 0x08380000)
  from space 5824K,   0% used [0x08380000, 0x08380000, 0x08930000)
  to   space 5824K,   0% used [0x08930000, 0x08930000, 0x08ee0000)
 tenured generation   total 116324K, used 69793K [0x100a0000, 0x17239000, 0x25600000)
   the space 116324K,  59% used [0x100a0000, 0x144c87c0, 0x144c8800, 0x17239000)
 Metaspace       used 20519K, capacity 20973K, committed 21120K, reserved 21888K
GC Heap History (10 events):
Event: 2.610 GC heap before
{Heap before GC invocations=2 (full 0):
 def new generation   total 39296K, used 39296K [0x05600000, 0x080a0000, 0x100a0000)
  eden space 34944K, 100% used [0x05600000, 0x07820000, 0x07820000)
  from space 4352K, 100% used [0x07820000, 0x07c60000, 0x07c60000)
  to   space 4352K,   0% used [0x07c60000, 0x07c60000, 0x080a0000)
 tenured generation   total 87424K, used 9129K [0x100a0000, 0x15600000, 0x25600000)
   the space 87424K,  10% used [0x100a0000, 0x1098a7b0, 0x1098a800, 0x15600000)
 Metaspace       used 11159K, capacity 11394K, committed 11520K, reserved 11648K
Event: 2.700 GC heap after
Heap after GC invocations=3 (full 0):
 def new generation   total 39296K, used 4352K [0x05600000, 0x080a0000, 0x100a0000)
  eden space 34944K,   0% used [0x05600000, 0x05600000, 0x07820000)
  from space 4352K, 100% used [0x07c60000, 0x080a0000, 0x080a0000)
  to   space 4352K,   0% used [0x07820000, 0x07820000, 0x07c60000)
 tenured generation   total 87424K, used 42660K [0x100a0000, 0x15600000, 0x25600000)
   the space 87424K,  48% used [0x100a0000, 0x12a491c8, 0x12a49200, 0x15600000)
 Metaspace       used 11159K, capacity 11394K, committed 11520K, reserved 11648K
}
Event: 4.394 GC heap before
{Heap before GC invocations=3 (full 0):
 def new generation   total 39296K, used 32572K [0x05600000, 0x080a0000, 0x100a0000)
  eden space 34944K,  80% used [0x05600000, 0x0718f088, 0x07820000)
  from space 4352K, 100% used [0x07c60000, 0x080a0000, 0x080a0000)
  to   space 4352K,   0% used [0x07820000, 0x07820000, 0x07c60000)
 tenured generation   total 87424K, used 42660K [0x100a0000, 0x15600000, 0x25600000)
   the space 87424K,  48% used [0x100a0000, 0x12a491c8, 0x12a49200, 0x15600000)
 Metaspace       used 12016K, capacity 12278K, committed 12288K, reserved 12672K
Event: 4.527 GC heap after
Heap after GC invocations=4 (full 1):
 def new generation   total 42880K, used 0K [0x05600000, 0x08480000, 0x100a0000)
  eden space 38144K,   0% used [0x05600000, 0x05600000, 0x07b40000)
  from space 4736K,   0% used [0x07b40000, 0x07b40000, 0x07fe0000)
  to   space 4736K,   0% used [0x07fe0000, 0x07fe0000, 0x08480000)
 tenured generation   total 95132K, used 57078K [0x100a0000, 0x15d87000, 0x25600000)
   the space 95132K,  59% used [0x100a0000, 0x1385d9f0, 0x1385da00, 0x15d87000)
 Metaspace       used 12016K, capacity 12278K, committed 12288K, reserved 12672K
}
Event: 7.401 GC heap before
{Heap before GC invocations=4 (full 1):
 def new generation   total 42880K, used 38144K [0x05600000, 0x08480000, 0x100a0000)
  eden space 38144K, 100% used [0x05600000, 0x07b40000, 0x07b40000)
  from space 4736K,   0% used [0x07b40000, 0x07b40000, 0x07fe0000)
  to   space 4736K,   0% used [0x07fe0000, 0x07fe0000, 0x08480000)
 tenured generation   total 95132K, used 57078K [0x100a0000, 0x15d87000, 0x25600000)
   the space 95132K,  59% used [0x100a0000, 0x1385d9f0, 0x1385da00, 0x15d87000)
 Metaspace       used 17255K, capacity 17651K, committed 17792K, reserved 17792K
Event: 7.424 GC heap after
Heap after GC invocations=5 (full 1):
 def new generation   total 42880K, used 4736K [0x05600000, 0x08480000, 0x100a0000)
  eden space 38144K,   0% used [0x05600000, 0x05600000, 0x07b40000)
  from space 4736K, 100% used [0x07fe0000, 0x08480000, 0x08480000)
  to   space 4736K,   0% used [0x07b40000, 0x07b40000, 0x07fe0000)
 tenured generation   total 95132K, used 58443K [0x100a0000, 0x15d87000, 0x25600000)
   the space 95132K,  61% used [0x100a0000, 0x139b2d38, 0x139b2e00, 0x15d87000)
 Metaspace       used 17255K, capacity 17651K, committed 17792K, reserved 17792K
}
Event: 12.919 GC heap before
{Heap before GC invocations=5 (full 1):
 def new generation   total 42880K, used 42880K [0x05600000, 0x08480000, 0x100a0000)
  eden space 38144K, 100% used [0x05600000, 0x07b40000, 0x07b40000)
  from space 4736K, 100% used [0x07fe0000, 0x08480000, 0x08480000)
  to   space 4736K,   0% used [0x07b40000, 0x07b40000, 0x07fe0000)
 tenured generation   total 95132K, used 58443K [0x100a0000, 0x15d87000, 0x25600000)
   the space 95132K,  61% used [0x100a0000, 0x139b2d38, 0x139b2e00, 0x15d87000)
 Metaspace       used 19578K, capacity 20042K, committed 20224K, reserved 20864K
Event: 12.944 GC heap after
Heap after GC invocations=6 (full 1):
 def new generation   total 42880K, used 4736K [0x05600000, 0x08480000, 0x100a0000)
  eden space 38144K,   0% used [0x05600000, 0x05600000, 0x07b40000)
  from space 4736K, 100% used [0x07b40000, 0x07fe0000, 0x07fe0000)
  to   space 4736K,   0% used [0x07fe0000, 0x07fe0000, 0x08480000)
 tenured generation   total 95132K, used 69138K [0x100a0000, 0x15d87000, 0x25600000)
   the space 95132K,  72% used [0x100a0000, 0x14424bd0, 0x14424c00, 0x15d87000)
 Metaspace       used 19578K, capacity 20042K, committed 20224K, reserved 20864K
}
Event: 13.471 GC heap before
{Heap before GC invocations=6 (full 1):
 def new generation   total 42880K, used 9202K [0x05600000, 0x08480000, 0x100a0000)
  eden space 38144K,  11% used [0x05600000, 0x05a5c830, 0x07b40000)
  from space 4736K, 100% used [0x07b40000, 0x07fe0000, 0x07fe0000)
  to   space 4736K,   0% used [0x07fe0000, 0x07fe0000, 0x08480000)
 tenured generation   total 95132K, used 69138K [0x100a0000, 0x15d87000, 0x25600000)
   the space 95132K,  72% used [0x100a0000, 0x14424bd0, 0x14424c00, 0x15d87000)
 Metaspace       used 19972K, capacity 20397K, committed 20480K, reserved 20864K
Event: 13.602 GC heap after
Heap after GC invocations=7 (full 2):
 def new generation   total 52416K, used 0K [0x05600000, 0x08ee0000, 0x100a0000)
  eden space 46592K,   0% used [0x05600000, 0x05600000, 0x08380000)
  from space 5824K,   0% used [0x08380000, 0x08380000, 0x08930000)
  to   space 5824K,   0% used [0x08930000, 0x08930000, 0x08ee0000)
 tenured generation   total 116324K, used 69793K [0x100a0000, 0x17239000, 0x25600000)
   the space 116324K,  59% used [0x100a0000, 0x144c87c0, 0x144c8800, 0x17239000)
 Metaspace       used 19972K, capacity 20397K, committed 20480K, reserved 20864K
}

