# JRE version: Java(TM) SE Runtime Environment (8.0_191-b12) (build 1.8.0_191-b12)
# Java VM: Java HotSpot(TM) Client VM (25.191-b12 mixed mode windows-x86 )
Heap:
 def new generation   total 52160K, used 1035K [0x05e00000, 0x09690000, 0x108a0000)
  eden space 46400K,   2% used [0x05e00000, 0x05f02fe8, 0x08b50000)
  from space 5760K,   0% used [0x08b50000, 0x08b50000, 0x090f0000)
  to   space 5760K,   0% used [0x090f0000, 0x090f0000, 0x09690000)
 tenured generation   total 115744K, used 69446K [0x108a0000, 0x179a8000, 0x25e00000)
   the space 115744K,  59% used [0x108a0000, 0x14c71888, 0x14c71a00, 0x179a8000)
 Metaspace       used 20025K, capacity 20456K, committed 20608K, reserved 20864K
GC Heap History (10 events):
Event: 2.075 GC heap before
{Heap before GC invocations=2 (full 0):
 def new generation   total 39296K, used 39296K [0x05e00000, 0x088a0000, 0x108a0000)
  eden space 34944K, 100% used [0x05e00000, 0x08020000, 0x08020000)
  from space 4352K, 100% used [0x08020000, 0x08460000, 0x08460000)
  to   space 4352K,   0% used [0x08460000, 0x08460000, 0x088a0000)
 tenured generation   total 87424K, used 9137K [0x108a0000, 0x15e00000, 0x25e00000)
   the space 87424K,  10% used [0x108a0000, 0x1118c4a8, 0x1118c600, 0x15e00000)
 Metaspace       used 11159K, capacity 11394K, committed 11520K, reserved 11648K
Event: 2.164 GC heap after
Heap after GC invocations=3 (full 0):
 def new generation   total 39296K, used 4351K [0x05e00000, 0x088a0000, 0x108a0000)
  eden space 34944K,   0% used [0x05e00000, 0x05e00000, 0x08020000)
  from space 4352K,  99% used [0x08460000, 0x0889fff8, 0x088a0000)
  to   space 4352K,   0% used [0x08020000, 0x08020000, 0x08460000)
 tenured generation   total 87424K, used 42671K [0x108a0000, 0x15e00000, 0x25e00000)
   the space 87424K,  48% used [0x108a0000, 0x1324bc78, 0x1324be00, 0x15e00000)
 Metaspace       used 11159K, capacity 11394K, committed 11520K, reserved 11648K
}
Event: 4.503 GC heap before
{Heap before GC invocations=3 (full 0):
 def new generation   total 39296K, used 32561K [0x05e00000, 0x088a0000, 0x108a0000)
  eden space 34944K,  80% used [0x05e00000, 0x0798c658, 0x08020000)
  from space 4352K,  99% used [0x08460000, 0x0889fff8, 0x088a0000)
  to   space 4352K,   0% used [0x08020000, 0x08020000, 0x08460000)
 tenured generation   total 87424K, used 42671K [0x108a0000, 0x15e00000, 0x25e00000)
   the space 87424K,  48% used [0x108a0000, 0x1324bc78, 0x1324be00, 0x15e00000)
 Metaspace       used 12016K, capacity 12278K, committed 12288K, reserved 12672K
Event: 4.622 GC heap after
Heap after GC invocations=4 (full 1):
 def new generation   total 42880K, used 0K [0x05e00000, 0x08c80000, 0x108a0000)
  eden space 38144K,   0% used [0x05e00000, 0x05e00000, 0x08340000)
  from space 4736K,   0% used [0x08340000, 0x08340000, 0x087e0000)
  to   space 4736K,   0% used [0x087e0000, 0x087e0000, 0x08c80000)
 tenured generation   total 95152K, used 57089K [0x108a0000, 0x1658c000, 0x25e00000)
   the space 95152K,  59% used [0x108a0000, 0x14060780, 0x14060800, 0x1658c000)
 Metaspace       used 12016K, capacity 12278K, committed 12288K, reserved 12672K
}
Event: 7.091 GC heap before
{Heap before GC invocations=4 (full 1):
 def new generation   total 42880K, used 38144K [0x05e00000, 0x08c80000, 0x108a0000)
  eden space 38144K, 100% used [0x05e00000, 0x08340000, 0x08340000)
  from space 4736K,   0% used [0x08340000, 0x08340000, 0x087e0000)
  to   space 4736K,   0% used [0x087e0000, 0x087e0000, 0x08c80000)
 tenured generation   total 95152K, used 57089K [0x108a0000, 0x1658c000, 0x25e00000)
   the space 95152K,  59% used [0x108a0000, 0x14060780, 0x14060800, 0x1658c000)
 Metaspace       used 17245K, capacity 17651K, committed 17792K, reserved 17792K
Event: 7.113 GC heap after
Heap after GC invocations=5 (full 1):
 def new generation   total 42880K, used 4736K [0x05e00000, 0x08c80000, 0x108a0000)
  eden space 38144K,   0% used [0x05e00000, 0x05e00000, 0x08340000)
  from space 4736K, 100% used [0x087e0000, 0x08c80000, 0x08c80000)
  to   space 4736K,   0% used [0x08340000, 0x08340000, 0x087e0000)
 tenured generation   total 95152K, used 58447K [0x108a0000, 0x1658c000, 0x25e00000)
   the space 95152K,  61% used [0x108a0000, 0x141b3c40, 0x141b3e00, 0x1658c000)
 Metaspace       used 17245K, capacity 17651K, committed 17792K, reserved 17792K
}
Event: 11.855 GC heap before
{Heap before GC invocations=5 (full 1):
 def new generation   total 42880K, used 42880K [0x05e00000, 0x08c80000, 0x108a0000)
  eden space 38144K, 100% used [0x05e00000, 0x08340000, 0x08340000)
  from space 4736K, 100% used [0x087e0000, 0x08c80000, 0x08c80000)
  to   space 4736K,   0% used [0x08340000, 0x08340000, 0x087e0000)
 tenured generation   total 95152K, used 58447K [0x108a0000, 0x1658c000, 0x25e00000)
   the space 95152K,  61% used [0x108a0000, 0x141b3c40, 0x141b3e00, 0x1658c000)
 Metaspace       used 19607K, capacity 20069K, committed 20224K, reserved 20864K
Event: 11.882 GC heap after
Heap after GC invocations=6 (full 1):
 def new generation   total 42880K, used 4736K [0x05e00000, 0x08c80000, 0x108a0000)
  eden space 38144K,   0% used [0x05e00000, 0x05e00000, 0x08340000)
  from space 4736K, 100% used [0x08340000, 0x087e0000, 0x087e0000)
  to   space 4736K,   0% used [0x087e0000, 0x087e0000, 0x08c80000)
 tenured generation   total 95152K, used 69162K [0x108a0000, 0x1658c000, 0x25e00000)
   the space 95152K,  72% used [0x108a0000, 0x14c2aad8, 0x14c2ac00, 0x1658c000)
 Metaspace       used 19607K, capacity 20069K, committed 20224K, reserved 20864K
}
Event: 12.032 GC heap before
{Heap before GC invocations=6 (full 1):
 def new generation   total 42880K, used 7822K [0x05e00000, 0x08c80000, 0x108a0000)
  eden space 38144K,   8% used [0x05e00000, 0x06103b90, 0x08340000)
  from space 4736K, 100% used [0x08340000, 0x087e0000, 0x087e0000)
  to   space 4736K,   0% used [0x087e0000, 0x087e0000, 0x08c80000)
 tenured generation   total 95152K, used 69162K [0x108a0000, 0x1658c000, 0x25e00000)
   the space 95152K,  72% used [0x108a0000, 0x14c2aad8, 0x14c2ac00, 0x1658c000)
 Metaspace       used 20002K, capacity 20424K, committed 20480K, reserved 20864K
Event: 12.170 GC heap after
Heap after GC invocations=7 (full 2):
 def new generation   total 52160K, used 0K [0x05e00000, 0x09690000, 0x108a0000)
  eden space 46400K,   0% used [0x05e00000, 0x05e00000, 0x08b50000)
  from space 5760K,   0% used [0x08b50000, 0x08b50000, 0x090f0000)
  to   space 5760K,   0% used [0x090f0000, 0x090f0000, 0x09690000)
 tenured generation   total 115744K, used 69446K [0x108a0000, 0x179a8000, 0x25e00000)
   the space 115744K,  59% used [0x108a0000, 0x14c71888, 0x14c71a00, 0x179a8000)
 Metaspace       used 20002K, capacity 20424K, committed 20480K, reserved 20864K
}

